<?xml version="1.0" encoding="UTF-8"?>
<testng-results ignored="0" total="2" passed="2" failed="0" skipped="0">
  <reporter-output>
  </reporter-output>
  <suite started-at="2026-03-25T14:33:00 IST" name="Default suite" finished-at="2026-03-25T14:33:29 IST" duration-ms="28601">
    <groups>
    </groups>
    <test started-at="2026-03-25T14:33:00 IST" name="Default test" finished-at="2026-03-25T14:33:29 IST" duration-ms="28601">
      <class name="demo.CaptureScreenshot">
        <test-method signature="screenshot()[pri:0, instance:demo.CaptureScreenshot@1573f9fc]" started-at="2026-03-25T14:33:00 IST" name="screenshot" finished-at="2026-03-25T14:33:14 IST" duration-ms="13769" status="PASS">
          <reporter-output>
          </reporter-output>
        </test-method> <!-- screenshot -->
        <test-method signature="screenshot()[pri:0, instance:demo.CaptureScreenshot@1573f9fc]" started-at="2026-03-25T14:33:14 IST" name="screenshot" finished-at="2026-03-25T14:33:29 IST" duration-ms="14760" status="PASS">
          <reporter-output>
          </reporter-output>
        </test-method> <!-- screenshot -->
      </class> <!-- demo.CaptureScreenshot -->
    </test> <!-- Default test -->
  </suite> <!-- Default suite -->
</testng-results>
