<?xml version="1.0" encoding="UTF-8"?>
<!-- Generated by org.testng.reporters.JUnitReportReporter -->
<testsuite hostname="LAPTOP-DE8T8TA8" failures="0" tests="4" name="Recruitment.R1" time="97.358" errors="0" timestamp="2026-03-13T09:01:48 IST" skipped="0">
  <testcase classname="Recruitment.R1" name="login" time="12.001"/>
  <testcase classname="Recruitment.R1" name="recruitment" time="49.885"/>
  <testcase classname="Recruitment.R1" name="candidates" time="31.906"/>
  <testcase classname="Recruitment.R1" name="logout" time="3.566"/>
</testsuite> <!-- Recruitment.R1 -->
