<?xml version="1.0" encoding="UTF-8"?>
<!-- Generated by org.testng.reporters.JUnitReportReporter -->
<testsuite hostname="LAPTOP-DE8T8TA8" failures="0" tests="1" name="com.orangehrm.seleeniumuiframework.recruitment.createvaccancy" time="71.456" errors="0" timestamp="2026-03-25T10:26:21 IST" skipped="0">
  <testcase classname="com.orangehrm.seleeniumuiframework.recruitment.createvaccancy" name="addvacancy" time="71.456"/>
  <system-out>
    <![CDATA[--Executing before Suite--
--Executing before Test--
--Executing before class--
--Executing before Method--
--Executing After Method--
--Executing after class--
--Executing AfterTest--
--Executing AfterSuite--]]>
  </system-out>
</testsuite> <!-- com.orangehrm.seleeniumuiframework.recruitment.createvaccancy -->
