<?xml version="1.0" encoding="UTF-8"?>
<!-- Generated by org.testng.reporters.JUnitReportReporter -->
<testsuite hostname="LAPTOP-DE8T8TA8" failures="0" tests="1" name="com.orangehrm.seleniumframework.object_repository.AddEmployeeTest" time="15.477" errors="0" timestamp="2026-03-17T08:04:59 IST" skipped="0">
  <testcase classname="com.orangehrm.seleniumframework.object_repository.AddEmployeeTest" name="addNewEmployee" time="15.477"/>
</testsuite> <!-- com.orangehrm.seleniumframework.object_repository.AddEmployeeTest -->
