<?xml version="1.0" encoding="UTF-8"?>
<!-- Generated by org.testng.reporters.JUnitReportReporter -->
<testsuite hostname="LAPTOP-DE8T8TA8" failures="0" tests="3" name="demo.ReadingDataFromDataProvider" time="0.018" errors="0" timestamp="2026-03-24T18:34:42 IST" skipped="0">
  <testcase classname="demo.ReadingDataFromDataProvider" name="readingdata" time="0.003"/>
  <testcase classname="demo.ReadingDataFromDataProvider" name="readingdata" time="0.001"/>
  <testcase classname="demo.ReadingDataFromDataProvider" name="readingdata" time="0.014"/>
</testsuite> <!-- demo.ReadingDataFromDataProvider -->
