<?xml version="1.0" encoding="UTF-8"?>
<!-- Generated by org.testng.reporters.JUnitReportReporter -->
<testsuite hostname="LAPTOP-DE8T8TA8" failures="0" tests="1" name="demo.PracticeBaseClass" time="52.575" errors="0" timestamp="2026-03-24T18:09:13 IST" skipped="0">
  <testcase classname="demo.PracticeBaseClass" name="testMethod" time="52.575"/>
  <system-out>
    <![CDATA[--Executing before Suite--
--Executing before Test--
--Executing before class--
--Executing before Method--
--Executing After Method--
--Executing after class--
--Executing AfterTest--
--Executing AfterSuite--]]>
  </system-out>
</testsuite> <!-- demo.PracticeBaseClass -->
