<?xml version="1.0" encoding="UTF-8"?>
<testng-results ignored="0" total="1" passed="1" failed="0" skipped="0">
  <reporter-output>
  </reporter-output>
  <suite started-at="2026-03-20T10:16:51 IST" name="Default suite" finished-at="2026-03-20T10:17:00 IST" duration-ms="9142">
    <groups>
    </groups>
    <test started-at="2026-03-20T10:16:51 IST" name="Default test" finished-at="2026-03-20T10:17:00 IST" duration-ms="9142">
      <class name="demo.LoginUsingxmlOR">
        <test-method signature="login()[pri:0, instance:demo.LoginUsingxmlOR@5fe94a96]" started-at="2026-03-20T10:16:51 IST" name="login" finished-at="2026-03-20T10:17:00 IST" duration-ms="9079" status="PASS">
          <reporter-output>
          </reporter-output>
        </test-method> <!-- login -->
      </class> <!-- demo.LoginUsingxmlOR -->
    </test> <!-- Default test -->
  </suite> <!-- Default suite -->
</testng-results>
