<?xml version="1.0" encoding="UTF-8"?>
<!-- Generated by org.testng.reporters.JUnitReportReporter -->
<testsuite hostname="LAPTOP-DE8T8TA8" failures="0" tests="2" name="practice.addtocarttest" time="0.338" errors="0" timestamp="2026-03-11T14:36:22 IST" skipped="0">
  <testcase classname="practice.addtocarttest" name="login" time="0.046">
    <system-out>
      <![CDATA[Login successfull]]>
    </system-out>
  </testcase> <!-- login -->
  <testcase classname="practice.addtocarttest" name="addtocart" time="0.292">
    <system-out>
      <![CDATA[verified]]>
    </system-out>
  </testcase> <!-- addtocart -->
  <system-out>
    <![CDATA[---Exceuting before Suite---
---Exceuting before Test---
---Exceuting before Class---
---Exceuting before Method---
Login successfull
---Exceuting after Method---
---Exceuting before Method---
verified
---Exceuting after Method---
---Exceuting after Class---
---Exceuting after Test---
---Exceuting after Suite---]]>
  </system-out>
</testsuite> <!-- practice.addtocarttest -->
