<?xml version="1.0" encoding="UTF-8"?>
<!-- Generated by org.testng.reporters.JUnitReportReporter -->
<testsuite hostname="LAPTOP-DE8T8TA8" failures="0" tests="3" name="practice.invocation" time="7.651" errors="0" timestamp="2026-03-16T08:29:36 IST" skipped="0">
  <testcase classname="practice.invocation" name="login" time="3.060"/>
  <testcase classname="practice.invocation" name="login" time="2.282"/>
  <testcase classname="practice.invocation" name="login" time="2.309"/>
</testsuite> <!-- practice.invocation -->
