<?xml version="1.0" encoding="UTF-8"?>
<!-- Generated by org.testng.reporters.JUnitReportReporter -->
<testsuite hostname="LAPTOP-DE8T8TA8" failures="0" tests="3" name="demo.ReadingDataFromDataProvider" time="0.016" errors="0" timestamp="2026-03-18T10:51:41 IST" skipped="0">
  <testcase classname="demo.ReadingDataFromDataProvider" name="readingdata" time="0.002"/>
  <testcase classname="demo.ReadingDataFromDataProvider" name="readingdata" time="0.012"/>
  <testcase classname="demo.ReadingDataFromDataProvider" name="readingdata" time="0.002"/>
</testsuite> <!-- demo.ReadingDataFromDataProvider -->
