<?xml version="1.0" encoding="UTF-8"?>
<!-- Generated by org.testng.reporters.JUnitReportReporter -->
<testsuite hostname="LAPTOP-DE8T8TA8" failures="0" tests="5" name="practice.loginandlogouttest" time="19.565" errors="0" timestamp="2026-03-14T09:41:41 IST" skipped="0">
  <testcase classname="practice.loginandlogouttest" name="login" time="3.615"/>
  <testcase classname="practice.loginandlogouttest" name="login" time="5.071"/>
  <testcase classname="practice.loginandlogouttest" name="login" time="3.604"/>
  <testcase classname="practice.loginandlogouttest" name="login" time="3.853"/>
  <testcase classname="practice.loginandlogouttest" name="login" time="3.422"/>
</testsuite> <!-- practice.loginandlogouttest -->
