<?xml version="1.0" encoding="UTF-8"?>
<!-- Generated by org.testng.reporters.JUnitReportReporter -->
<testsuite hostname="LAPTOP-DE8T8TA8" failures="0" tests="3" name="practice.crossBrowserBase" time="5.969" errors="0" timestamp="2026-03-15T11:15:43 IST" skipped="0">
  <testcase classname="practice.crossBrowserBase" name="logIn" time="2.109">
    <system-out>
      <![CDATA[Swag Labs Page : Pass]]>
    </system-out>
  </testcase> <!-- logIn -->
  <testcase classname="practice.crossBrowserBase" name="logIn" time="1.835">
    <system-out>
      <![CDATA[Swag Labs Page : Pass]]>
    </system-out>
  </testcase> <!-- logIn -->
  <testcase classname="practice.crossBrowserBase" name="logIn" time="2.025">
    <system-out>
      <![CDATA[Swag Labs Page : Pass]]>
    </system-out>
  </testcase> <!-- logIn -->
  <system-out>
    <![CDATA[---Exceuting before Suite---
---Exceuting before Test---
---Exceuting before Test---
---Exceuting before Test---
-----Exceuting Before Class-----
-----Exceuting Before Class-----
-----Exceuting Before Class-----
---Exceuting before Method---
---Exceuting before Method---
Swag Labs Page : Pass
---Exceuting after Method---
---Exceuting after Class---
---Exceuting after Test---
Swag Labs Page : Pass
---Exceuting after Method---
---Exceuting after Class---
---Exceuting after Test---
---Exceuting before Method---
Swag Labs Page : Pass
---Exceuting after Method---
---Exceuting after Class---
---Exceuting after Test---
---Exceuting after Suite---]]>
  </system-out>
</testsuite> <!-- practice.crossBrowserBase -->
