<?xml version="1.0" encoding="UTF-8"?>
<!-- Generated by org.testng.reporters.JUnitReportReporter -->
<testsuite hostname="LAPTOP-DE8T8TA8" failures="0" tests="3" name="practice.demotest" time="0.017" errors="0" timestamp="2026-03-12T08:51:56 IST" skipped="0">
  <testcase classname="practice.demotest" name="login" time="0.012"/>
  <testcase classname="practice.demotest" name="addemployee" time="0.003"/>
  <testcase classname="practice.demotest" name="logout" time="0.002"/>
</testsuite> <!-- practice.demotest -->
