<?xml version="1.0" encoding="UTF-8"?>
<!-- Generated by org.testng.reporters.JUnitXMLReporter -->
<testsuite ignored="0" hostname="LAPTOP-DE8T8TA8" failures="1" tests="2" name="demoTest" time="3.378" errors="0" timestamp="2026-03-12T13:13:51 IST">
  <testcase classname="practice.Demosoftassert" name="demoTesT" time="0.021"/>
  <testcase classname="practice.Demohardassert" name="TestMethod" time="3.293">
    <failure type="java.lang.AssertionError" message="expected [Goog] but found [Google]">
      <![CDATA[java.lang.AssertionError: expected [Goog] but found [Google]
at practice.Demohardassert.TestMethod(Demohardassert.java:22)
at java.base/java.util.ArrayList.forEach(ArrayList.java:1596)
... Removed 31 stack frames]]>
    </failure>
  </testcase> <!-- TestMethod -->
</testsuite> <!-- demoTest -->
